<int>
<id, main>
<(>
<)>
<{>
<int>
<id, a>
<=>
<num, 5>
<,>
<id, b>
<=>
<num, 10>
<;>
<int>
<id, sum>
<=>
<id, a>
<+>
<id, b>
<;>
<id, printf>
<(>
<str, "Hello, World!\\n">
<)>
<;>
<int>
<id, diff>
<=>
<id, a>
<->
<id, b>
<;>
<int>
<id, prod>
<=>
<id, a>
<*>
<id, b>
<;>
<int>
<id, quot>
<=>
<id, b>
</>
<id, a>
<;>
<int>
<id, rem>
<=>
<id, b>
<%>
<id, a>
<;>
<id, a>
<=>
<num, 123>
<;>
<id, b>
<=>
<num, 123.456>
<;>
<id, c>
<=>
<num, 0.123>
<;>
<id, d>
<=>
<num, 123.0>
<;>
<id, e>
<=>
<num, 0.0>
<;>
<id, i>
<=>
<num, 123e4>
<;>
<id, j>
<=>
<num, 123e-4>
<;>
<id, k>
<=>
<num, 123e+4>
<;>
<id, l>
<=>
<num, 123.456e4>
<;>
<id, m>
<=>
<num, 123.456e-4>
<;>
<id, n>
<=>
<num, 123.456e+4>
<;>
<return>
<num, 0>
<;>
<}>
